This file contains any messages produced by compilers while
running configure, to aid debugging if configure makes a mistake.

It was created by tse-utils configure 111, which was
generated by GNU Autoconf 2.69.  Invocation command line was

  $ ./configure --prefix=/usr

## --------- ##
## Platform. ##
## --------- ##

hostname = centos7
uname -m = x86_64
uname -r = 3.10.0-1160.el7.x86_64
uname -s = Linux
uname -v = #1 SMP Mon Oct 19 16:18:59 UTC 2020

/usr/bin/uname -p = x86_64
/bin/uname -X     = unknown

/bin/arch              = x86_64
/usr/bin/arch -k       = unknown
/usr/convex/getsysinfo = unknown
/usr/bin/hostinfo      = unknown
/bin/machine           = unknown
/usr/bin/oslevel       = unknown
/bin/universe          = unknown

PATH: /usr/local/sbin
PATH: /usr/local/bin
PATH: /usr/sbin
PATH: /usr/bin
PATH: /usr/local/git/bin
PATH: /root/bin


## ----------- ##
## Core tests. ##
## ----------- ##

configure:2465: checking build system type
configure:2479: result: x86_64-pc-linux-gnu
configure:2499: checking host system type
configure:2512: result: x86_64-pc-linux-gnu
configure:2532: checking target system type
configure:2545: result: x86_64-pc-linux-gnu
configure:2587: checking for a BSD-compatible install
configure:2655: result: /usr/bin/install -c
configure:2666: checking whether build environment is sane
configure:2721: result: yes
configure:2872: checking for a thread-safe mkdir -p
configure:2911: result: /usr/bin/mkdir -p
configure:2918: checking for gawk
configure:2934: found /usr/bin/gawk
configure:2945: result: gawk
configure:2956: checking whether make sets $(MAKE)
configure:2978: result: yes
configure:3007: checking whether make supports nested variables
configure:3024: result: yes
configure:3385: checking for style of include used by make
configure:3413: result: GNU
configure:3484: checking for gcc
configure:3500: found /usr/bin/gcc
configure:3511: result: gcc
configure:3740: checking for C compiler version
configure:3749: gcc --version >&5
gcc (GCC) 4.8.5 20150623 (Red Hat 4.8.5-44)
Copyright (C) 2015 Free Software Foundation, Inc.
This is free software; see the source for copying conditions.  There is NO
warranty; not even for MERCHANTABILITY or FITNESS FOR A PARTICULAR PURPOSE.

configure:3760: $? = 0
configure:3749: gcc -v >&5
Using built-in specs.
COLLECT_GCC=gcc
COLLECT_LTO_WRAPPER=/usr/libexec/gcc/x86_64-redhat-linux/4.8.5/lto-wrapper
Target: x86_64-redhat-linux
Configured with: ../configure --prefix=/usr --mandir=/usr/share/man --infodir=/usr/share/info --with-bugurl=http://bugzilla.redhat.com/bugzilla --enable-bootstrap --enable-shared --enable-threads=posix --enable-checking=release --with-system-zlib --enable-__cxa_atexit --disable-libunwind-exceptions --enable-gnu-unique-object --enable-linker-build-id --with-linker-hash-style=gnu --enable-languages=c,c++,objc,obj-c++,java,fortran,ada,go,lto --enable-plugin --enable-initfini-array --disable-libgcj --with-isl=/builddir/build/BUILD/gcc-4.8.5-20150702/obj-x86_64-redhat-linux/isl-install --with-cloog=/builddir/build/BUILD/gcc-4.8.5-20150702/obj-x86_64-redhat-linux/cloog-install --enable-gnu-indirect-function --with-tune=generic --with-arch_32=x86-64 --build=x86_64-redhat-linux
Thread model: posix
gcc version 4.8.5 20150623 (Red Hat 4.8.5-44) (GCC) 
configure:3760: $? = 0
configure:3749: gcc -V >&5
gcc: error: unrecognized command line option '-V'
gcc: fatal error: no input files
compilation terminated.
configure:3760: $? = 4
configure:3749: gcc -qversion >&5
gcc: error: unrecognized command line option '-qversion'
gcc: fatal error: no input files
compilation terminated.
configure:3760: $? = 4
configure:3780: checking whether the C compiler works
configure:3802: gcc    conftest.c  >&5
configure:3806: $? = 0
configure:3854: result: yes
configure:3857: checking for C compiler default output file name
configure:3859: result: a.out
configure:3865: checking for suffix of executables
configure:3872: gcc -o conftest    conftest.c  >&5
configure:3876: $? = 0
configure:3898: result: 
configure:3920: checking whether we are cross compiling
configure:3928: gcc -o conftest    conftest.c  >&5
configure:3932: $? = 0
configure:3939: ./conftest
configure:3943: $? = 0
configure:3958: result: no
configure:3963: checking for suffix of object files
configure:3985: gcc -c   conftest.c >&5
configure:3989: $? = 0
configure:4010: result: o
configure:4014: checking whether we are using the GNU C compiler
configure:4033: gcc -c   conftest.c >&5
configure:4033: $? = 0
configure:4042: result: yes
configure:4051: checking whether gcc accepts -g
configure:4071: gcc -c -g  conftest.c >&5
configure:4071: $? = 0
configure:4112: result: yes
configure:4129: checking for gcc option to accept ISO C89
configure:4192: gcc  -c -g -O2  conftest.c >&5
configure:4192: $? = 0
configure:4205: result: none needed
configure:4230: checking whether gcc understands -c and -o together
configure:4252: gcc -c conftest.c -o conftest2.o
configure:4255: $? = 0
configure:4252: gcc -c conftest.c -o conftest2.o
configure:4255: $? = 0
configure:4267: result: yes
configure:4286: checking dependency style of gcc
configure:4397: result: gcc3
configure:4418: checking how to run the C preprocessor
configure:4449: gcc -E  conftest.c
configure:4449: $? = 0
configure:4463: gcc -E  conftest.c
conftest.c:12:28: fatal error: ac_nonexistent.h: No such file or directory
 #include <ac_nonexistent.h>
                            ^
compilation terminated.
configure:4463: $? = 1
configure: failed program was:
| /* confdefs.h */
| #define PACKAGE_NAME "tse-utils"
| #define PACKAGE_TARNAME "tse-utils"
| #define PACKAGE_VERSION "111"
| #define PACKAGE_STRING "tse-utils 111"
| #define PACKAGE_BUGREPORT ""
| #define PACKAGE_URL ""
| #define PACKAGE "tse-utils"
| #define VERSION "111"
| #define TSE_DEFAULT_KEY_MOD_DIR "/usr/lib/tse"
| /* end confdefs.h.  */
| #include <ac_nonexistent.h>
configure:4488: result: gcc -E
configure:4508: gcc -E  conftest.c
configure:4508: $? = 0
configure:4522: gcc -E  conftest.c
conftest.c:12:28: fatal error: ac_nonexistent.h: No such file or directory
 #include <ac_nonexistent.h>
                            ^
compilation terminated.
configure:4522: $? = 1
configure: failed program was:
| /* confdefs.h */
| #define PACKAGE_NAME "tse-utils"
| #define PACKAGE_TARNAME "tse-utils"
| #define PACKAGE_VERSION "111"
| #define PACKAGE_STRING "tse-utils 111"
| #define PACKAGE_BUGREPORT ""
| #define PACKAGE_URL ""
| #define PACKAGE "tse-utils"
| #define VERSION "111"
| #define TSE_DEFAULT_KEY_MOD_DIR "/usr/lib/tse"
| /* end confdefs.h.  */
| #include <ac_nonexistent.h>
configure:4551: checking for grep that handles long lines and -e
configure:4609: result: /usr/bin/grep
configure:4614: checking for egrep
configure:4676: result: /usr/bin/grep -E
configure:4681: checking for ANSI C header files
configure:4701: gcc -c -g -O2  conftest.c >&5
configure:4701: $? = 0
configure:4774: gcc -o conftest -g -O2   conftest.c  >&5
configure:4774: $? = 0
configure:4774: ./conftest
configure:4774: $? = 0
configure:4785: result: yes
configure:4798: checking for sys/types.h
configure:4798: gcc -c -g -O2  conftest.c >&5
configure:4798: $? = 0
configure:4798: result: yes
configure:4798: checking for sys/stat.h
configure:4798: gcc -c -g -O2  conftest.c >&5
configure:4798: $? = 0
configure:4798: result: yes
configure:4798: checking for stdlib.h
configure:4798: gcc -c -g -O2  conftest.c >&5
configure:4798: $? = 0
configure:4798: result: yes
configure:4798: checking for string.h
configure:4798: gcc -c -g -O2  conftest.c >&5
configure:4798: $? = 0
configure:4798: result: yes
configure:4798: checking for memory.h
configure:4798: gcc -c -g -O2  conftest.c >&5
configure:4798: $? = 0
configure:4798: result: yes
configure:4798: checking for strings.h
configure:4798: gcc -c -g -O2  conftest.c >&5
configure:4798: $? = 0
configure:4798: result: yes
configure:4798: checking for inttypes.h
configure:4798: gcc -c -g -O2  conftest.c >&5
configure:4798: $? = 0
configure:4798: result: yes
configure:4798: checking for stdint.h
configure:4798: gcc -c -g -O2  conftest.c >&5
configure:4798: $? = 0
configure:4798: result: yes
configure:4798: checking for unistd.h
configure:4798: gcc -c -g -O2  conftest.c >&5
configure:4798: $? = 0
configure:4798: result: yes
configure:4811: checking minix/config.h usability
configure:4811: gcc -c -g -O2  conftest.c >&5
conftest.c:55:26: fatal error: minix/config.h: No such file or directory
 #include <minix/config.h>
                          ^
compilation terminated.
configure:4811: $? = 1
configure: failed program was:
| /* confdefs.h */
| #define PACKAGE_NAME "tse-utils"
| #define PACKAGE_TARNAME "tse-utils"
| #define PACKAGE_VERSION "111"
| #define PACKAGE_STRING "tse-utils 111"
| #define PACKAGE_BUGREPORT ""
| #define PACKAGE_URL ""
| #define PACKAGE "tse-utils"
| #define VERSION "111"
| #define TSE_DEFAULT_KEY_MOD_DIR "/usr/lib/tse"
| #define STDC_HEADERS 1
| #define HAVE_SYS_TYPES_H 1
| #define HAVE_SYS_STAT_H 1
| #define HAVE_STDLIB_H 1
| #define HAVE_STRING_H 1
| #define HAVE_MEMORY_H 1
| #define HAVE_STRINGS_H 1
| #define HAVE_INTTYPES_H 1
| #define HAVE_STDINT_H 1
| #define HAVE_UNISTD_H 1
| /* end confdefs.h.  */
| #include <stdio.h>
| #ifdef HAVE_SYS_TYPES_H
| # include <sys/types.h>
| #endif
| #ifdef HAVE_SYS_STAT_H
| # include <sys/stat.h>
| #endif
| #ifdef STDC_HEADERS
| # include <stdlib.h>
| # include <stddef.h>
| #else
| # ifdef HAVE_STDLIB_H
| #  include <stdlib.h>
| # endif
| #endif
| #ifdef HAVE_STRING_H
| # if !defined STDC_HEADERS && defined HAVE_MEMORY_H
| #  include <memory.h>
| # endif
| # include <string.h>
| #endif
| #ifdef HAVE_STRINGS_H
| # include <strings.h>
| #endif
| #ifdef HAVE_INTTYPES_H
| # include <inttypes.h>
| #endif
| #ifdef HAVE_STDINT_H
| # include <stdint.h>
| #endif
| #ifdef HAVE_UNISTD_H
| # include <unistd.h>
| #endif
| #include <minix/config.h>
configure:4811: result: no
configure:4811: checking minix/config.h presence
configure:4811: gcc -E  conftest.c
conftest.c:22:26: fatal error: minix/config.h: No such file or directory
 #include <minix/config.h>
                          ^
compilation terminated.
configure:4811: $? = 1
configure: failed program was:
| /* confdefs.h */
| #define PACKAGE_NAME "tse-utils"
| #define PACKAGE_TARNAME "tse-utils"
| #define PACKAGE_VERSION "111"
| #define PACKAGE_STRING "tse-utils 111"
| #define PACKAGE_BUGREPORT ""
| #define PACKAGE_URL ""
| #define PACKAGE "tse-utils"
| #define VERSION "111"
| #define TSE_DEFAULT_KEY_MOD_DIR "/usr/lib/tse"
| #define STDC_HEADERS 1
| #define HAVE_SYS_TYPES_H 1
| #define HAVE_SYS_STAT_H 1
| #define HAVE_STDLIB_H 1
| #define HAVE_STRING_H 1
| #define HAVE_MEMORY_H 1
| #define HAVE_STRINGS_H 1
| #define HAVE_INTTYPES_H 1
| #define HAVE_STDINT_H 1
| #define HAVE_UNISTD_H 1
| /* end confdefs.h.  */
| #include <minix/config.h>
configure:4811: result: no
configure:4811: checking for minix/config.h
configure:4811: result: no
configure:4832: checking whether it is safe to define __EXTENSIONS__
configure:4850: gcc -c -g -O2  conftest.c >&5
configure:4850: $? = 0
configure:4857: result: yes
configure:4921: checking for gcc
configure:4948: result: gcc
configure:5177: checking for C compiler version
configure:5186: gcc --version >&5
gcc (GCC) 4.8.5 20150623 (Red Hat 4.8.5-44)
Copyright (C) 2015 Free Software Foundation, Inc.
This is free software; see the source for copying conditions.  There is NO
warranty; not even for MERCHANTABILITY or FITNESS FOR A PARTICULAR PURPOSE.

configure:5197: $? = 0
configure:5186: gcc -v >&5
Using built-in specs.
COLLECT_GCC=gcc
COLLECT_LTO_WRAPPER=/usr/libexec/gcc/x86_64-redhat-linux/4.8.5/lto-wrapper
Target: x86_64-redhat-linux
Configured with: ../configure --prefix=/usr --mandir=/usr/share/man --infodir=/usr/share/info --with-bugurl=http://bugzilla.redhat.com/bugzilla --enable-bootstrap --enable-shared --enable-threads=posix --enable-checking=release --with-system-zlib --enable-__cxa_atexit --disable-libunwind-exceptions --enable-gnu-unique-object --enable-linker-build-id --with-linker-hash-style=gnu --enable-languages=c,c++,objc,obj-c++,java,fortran,ada,go,lto --enable-plugin --enable-initfini-array --disable-libgcj --with-isl=/builddir/build/BUILD/gcc-4.8.5-20150702/obj-x86_64-redhat-linux/isl-install --with-cloog=/builddir/build/BUILD/gcc-4.8.5-20150702/obj-x86_64-redhat-linux/cloog-install --enable-gnu-indirect-function --with-tune=generic --with-arch_32=x86-64 --build=x86_64-redhat-linux
Thread model: posix
gcc version 4.8.5 20150623 (Red Hat 4.8.5-44) (GCC) 
configure:5197: $? = 0
configure:5186: gcc -V >&5
gcc: error: unrecognized command line option '-V'
gcc: fatal error: no input files
compilation terminated.
configure:5197: $? = 4
configure:5186: gcc -qversion >&5
gcc: error: unrecognized command line option '-qversion'
gcc: fatal error: no input files
compilation terminated.
configure:5197: $? = 4
configure:5201: checking whether we are using the GNU C compiler
configure:5229: result: yes
configure:5238: checking whether gcc accepts -g
configure:5299: result: yes
configure:5316: checking for gcc option to accept ISO C89
configure:5392: result: none needed
configure:5417: checking whether gcc understands -c and -o together
configure:5454: result: yes
configure:5473: checking dependency style of gcc
configure:5584: result: gcc3
configure:5601: checking whether ln -s works
configure:5605: result: yes
configure:5666: checking for pkg-config
configure:5684: found /usr/bin/pkg-config
configure:5696: result: /usr/bin/pkg-config
configure:5721: checking pkg-config is at least version 0.9.0
configure:5724: result: yes
configure:5779: checking how to print strings
configure:5806: result: printf
configure:5827: checking for a sed that does not truncate output
configure:5891: result: /usr/bin/sed
configure:5909: checking for fgrep
configure:5971: result: /usr/bin/grep -F
configure:6006: checking for ld used by gcc
configure:6073: result: /usr/bin/ld
configure:6080: checking if the linker (/usr/bin/ld) is GNU ld
configure:6095: result: yes
configure:6107: checking for BSD- or MS-compatible name lister (nm)
configure:6161: result: /usr/bin/nm -B
configure:6291: checking the name lister (/usr/bin/nm -B) interface
configure:6298: gcc -c -g -O2  conftest.c >&5
configure:6301: /usr/bin/nm -B "conftest.o"
configure:6304: output
0000000000000000 B some_variable
configure:6311: result: BSD nm
configure:6315: checking the maximum length of command line arguments
configure:6446: result: 1572864
configure:6494: checking how to convert x86_64-pc-linux-gnu file names to x86_64-pc-linux-gnu format
configure:6534: result: func_convert_file_noop
configure:6541: checking how to convert x86_64-pc-linux-gnu file names to toolchain format
configure:6561: result: func_convert_file_noop
configure:6568: checking for /usr/bin/ld option to reload object files
configure:6575: result: -r
configure:6649: checking for objdump
configure:6665: found /usr/bin/objdump
configure:6676: result: objdump
configure:6708: checking how to recognize dependent libraries
configure:6908: result: pass_all
configure:6993: checking for dlltool
configure:7023: result: no
configure:7053: checking how to associate runtime and link libraries
configure:7080: result: printf %s\n
configure:7140: checking for ar
configure:7156: found /usr/bin/ar
configure:7167: result: ar
configure:7204: checking for archiver @FILE support
configure:7221: gcc -c -g -O2  conftest.c >&5
configure:7221: $? = 0
configure:7224: ar cru libconftest.a @conftest.lst >&5
configure:7227: $? = 0
configure:7232: ar cru libconftest.a @conftest.lst >&5
ar: conftest.o: No such file or directory
configure:7235: $? = 1
configure:7247: result: @
configure:7305: checking for strip
configure:7321: found /usr/bin/strip
configure:7332: result: strip
configure:7404: checking for ranlib
configure:7420: found /usr/bin/ranlib
configure:7431: result: ranlib
configure:7533: checking command to parse /usr/bin/nm -B output from gcc object
configure:7686: gcc -c -g -O2  conftest.c >&5
configure:7689: $? = 0
configure:7693: /usr/bin/nm -B conftest.o \| sed -n -e 's/^.*[ ]\([ABCDGIRSTW][ABCDGIRSTW]*\)[ ][ ]*\([_A-Za-z][_A-Za-z0-9]*\)$/\1 \2 \2/p' | sed '/ __gnu_lto/d' \> conftest.nm
configure:7696: $? = 0
configure:7762: gcc -o conftest -g -O2   conftest.c conftstm.o >&5
configure:7765: $? = 0
configure:7803: result: ok
configure:7850: checking for sysroot
configure:7880: result: no
configure:7887: checking for a working dd
configure:7925: result: /usr/bin/dd
configure:7929: checking how to truncate binary pipes
configure:7944: result: /usr/bin/dd bs=4096 count=1
configure:8080: gcc -c -g -O2  conftest.c >&5
configure:8083: $? = 0
configure:8273: checking for mt
configure:8303: result: no
configure:8323: checking if : is a manifest tool
configure:8329: : '-?'
configure:8337: result: no
configure:9011: checking for dlfcn.h
configure:9011: gcc -c -g -O2  conftest.c >&5
configure:9011: $? = 0
configure:9011: result: yes
configure:9237: checking for objdir
configure:9252: result: .libs
configure:9516: checking if gcc supports -fno-rtti -fno-exceptions
configure:9534: gcc -c -g -O2  -fno-rtti -fno-exceptions conftest.c >&5
cc1: warning: command line option '-fno-rtti' is valid for C++/ObjC++ but not for C [enabled by default]
configure:9538: $? = 0
configure:9551: result: no
configure:9909: checking for gcc option to produce PIC
configure:9916: result: -fPIC -DPIC
configure:9924: checking if gcc PIC flag -fPIC -DPIC works
configure:9942: gcc -c -g -O2  -fPIC -DPIC -DPIC conftest.c >&5
configure:9946: $? = 0
configure:9959: result: yes
configure:9988: checking if gcc static flag -static works
configure:10016: result: no
configure:10031: checking if gcc supports -c -o file.o
configure:10052: gcc -c -g -O2  -o out/conftest2.o conftest.c >&5
configure:10056: $? = 0
configure:10078: result: yes
configure:10086: checking if gcc supports -c -o file.o
configure:10133: result: yes
configure:10166: checking whether the gcc linker (/usr/bin/ld -m elf_x86_64) supports shared libraries
configure:11429: result: yes
configure:11466: checking whether -lc should be explicitly linked in
configure:11474: gcc -c -g -O2  conftest.c >&5
configure:11477: $? = 0
configure:11492: gcc -shared  -fPIC -DPIC conftest.o  -v -Wl,-soname -Wl,conftest -o conftest 2\>\&1 \| /usr/bin/grep  -lc  \>/dev/null 2\>\&1
configure:11495: $? = 0
configure:11509: result: no
configure:11669: checking dynamic linker characteristics
configure:12250: gcc -o conftest -g -O2   -Wl,-rpath -Wl,/foo conftest.c  >&5
configure:12250: $? = 0
configure:12499: result: GNU/Linux ld.so
configure:12621: checking how to hardcode library paths into programs
configure:12646: result: immediate
configure:13194: checking whether stripping libraries is possible
configure:13199: result: yes
configure:13234: checking if libtool supports shared libraries
configure:13236: result: yes
configure:13239: checking whether to build shared libraries
configure:13264: result: yes
configure:13267: checking whether to build static libraries
configure:13271: result: no
configure:13316: checking for special C compiler options needed for large files
configure:13361: result: no
configure:13367: checking for _FILE_OFFSET_BITS value needed for large files
configure:13392: gcc -c -g -O2  conftest.c >&5
configure:13392: $? = 0
configure:13424: result: no
configure:13514: checking for pod2man
configure:13532: found /usr/bin/pod2man
configure:13544: result: /usr/bin/pod2man
configure:13561: checking for tar
configure:13579: found /usr/bin/tar
configure:13591: result: /usr/bin/tar
configure:13606: checking for ps2pdf
configure:13624: found /usr/bin/ps2pdf
configure:13636: result: /usr/bin/ps2pdf
configure:13651: checking for dvips
configure:13684: result: no
configure:13696: checking for latex2html
configure:13729: result: no
configure:13741: checking for latex
configure:13774: result: no
configure:13790: checking for library containing strerror
configure:13821: gcc -o conftest -g -O2   conftest.c  >&5
configure:13821: $? = 0
configure:13838: result: none required
configure:13846: checking for ANSI C header files
configure:13950: result: yes
configure:13958: checking for dlopen in -ldl
configure:13983: gcc -o conftest -g -O2   conftest.c -ldl   >&5
configure:13983: $? = 0
configure:13992: result: yes
configure:14008: checking for keyctl_search in -lkeyutils
configure:14033: gcc -o conftest -g -O2   conftest.c -lkeyutils  -ldl  >&5
configure:14033: $? = 0
configure:14042: result: yes
configure:14060: checking for OPENSSL
configure:14067: $PKG_CONFIG --exists --print-errors "libcrypto >= 0.9.7"
configure:14070: $? = 0
configure:14084: $PKG_CONFIG --exists --print-errors "libcrypto >= 0.9.7"
configure:14087: $? = 0
configure:14451: result: yes
configure:14462: checking for NSS
configure:14469: $PKG_CONFIG --exists --print-errors "nss"
configure:14472: $? = 0
configure:14486: $PKG_CONFIG --exists --print-errors "nss"
configure:14489: $? = 0
configure:14527: result: yes
configure:14543: checking openssl/rsa.h usability
configure:14543: gcc -c -g -O2    conftest.c >&5
configure:14543: $? = 0
configure:14543: result: yes
configure:14543: checking openssl/rsa.h presence
configure:14543: gcc -E  conftest.c
configure:14543: $? = 0
configure:14543: result: yes
configure:14543: checking for openssl/rsa.h
configure:14543: result: yes
configure:14589: checking for a Python interpreter with version >= 2.5
configure:14606: python -c import sys # split strings by '.' and convert to numeric. Append some zeros # because we need at least 4 digits for the hex conversion. # map returns an iterator in Python 3.0 and a list in 2.x minver = list(map(int, '2.5'.split('.'))) + [0, 0, 0] minverhex = 0 # xrange is not present in Python 3.0 and range returns an iterator for i in list(range(0, 4)): minverhex = (minverhex << 8) + minver[i] sys.exit(sys.hexversion < minverhex)
configure:14609: $? = 0
configure:14615: result: python
configure:14623: checking for python
configure:14641: found /usr/bin/python
configure:14653: result: /usr/bin/python
configure:14671: checking for python version
configure:14678: result: 2.7
configure:14690: checking for python platform
configure:14697: result: linux2
configure:14723: checking for python script directory
configure:14758: result: ${prefix}/lib/python2.7/site-packages
configure:14767: checking for python extension module directory
configure:14802: result: ${exec_prefix}/lib64/python2.7/site-packages
configure:14818: checking for swig
configure:14836: found /usr/local/bin/swig
configure:14848: result: /usr/local/bin/swig
configure:14861: checking for SWIG version
configure:14864: result: 1.3.31
configure:14906: SWIG executable is '/usr/local/bin/swig'
configure:14909: SWIG library directory is '/usr/local/share/swig/1.3.31'
configure:14928: checking for python2.7
configure:14958: result: /usr/bin/python
configure:14974: checking for a version of Python >= '2.1.0'
configure:15000: result: yes
configure:15031: checking for the distutils Python package
configure:15035: result: yes
configure:15049: checking for Python include path
configure:15064: result: -I/usr/include/python2.7 -I/usr/include/python2.7
configure:15071: checking for Python library path
configure:15093: result: -L/usr/lib64/python2.7 -lpython2.7
configure:15100: checking for Python site-packages path
configure:15106: result: /usr/lib/python2.7/site-packages
configure:15113: checking python extra libraries
configure:15120: result:  -lpthread -ldl  -lutil
configure:15127: checking python extra linking flags
configure:15134: result: -Xlinker -export-dynamic
configure:15141: checking consistency of all components of python development environment
configure:15169: gcc -o conftest -g -O2  -I/usr/include/python2.7 -I/usr/include/python2.7  conftest.c -ldl  -L/usr/lib64/python2.7 -lpython2.7 >&5
configure:15169: $? = 0
configure:15177: result: yes
configure:15375: checking for pam_authenticate in -lpam
configure:15400: gcc -o conftest -g -O2   conftest.c -lpam  -ldl  >&5
configure:15400: $? = 0
configure:15409: result: yes
configure:15418: checking for pam_misc_setenv in -lpam_misc
configure:15443: gcc -o conftest -g -O2   conftest.c -lpam_misc  -ldl  >&5
configure:15443: $? = 0
configure:15452: result: yes
configure:15706: checking locale.h usability
configure:15706: gcc -c -g -O2  conftest.c >&5
configure:15706: $? = 0
configure:15706: result: yes
configure:15706: checking locale.h presence
configure:15706: gcc -E  conftest.c
configure:15706: $? = 0
configure:15706: result: yes
configure:15706: checking for locale.h
configure:15706: result: yes
configure:15717: checking for LC_MESSAGES
configure:15733: gcc -o conftest -g -O2   conftest.c -ldl  >&5
configure:15733: $? = 0
configure:15741: result: yes
configure:15758: checking libintl.h usability
configure:15758: gcc -c -g -O2  conftest.c >&5
configure:15758: $? = 0
configure:15758: result: yes
configure:15758: checking libintl.h presence
configure:15758: gcc -E  conftest.c
configure:15758: $? = 0
configure:15758: result: yes
configure:15758: checking for libintl.h
configure:15758: result: yes
configure:15766: checking for ngettext in libc
configure:15784: gcc -o conftest -g -O2   conftest.c -ldl  >&5
configure:15784: $? = 0
configure:15793: result: yes
configure:15797: checking for dgettext in libc
configure:15815: gcc -o conftest -g -O2   conftest.c -ldl  >&5
configure:15815: $? = 0
configure:15824: result: yes
configure:15831: checking for bind_textdomain_codeset
configure:15831: gcc -o conftest -g -O2   conftest.c -ldl  >&5
configure:15831: $? = 0
configure:15831: result: yes
configure:16107: checking for msgfmt
configure:16134: result: /usr/bin/msgfmt
configure:16145: checking for dcgettext
configure:16145: gcc -o conftest -g -O2   conftest.c -ldl   >&5
conftest.c:59:6: warning: conflicting types for built-in function 'dcgettext' [enabled by default]
 char dcgettext ();
      ^
configure:16145: $? = 0
configure:16145: result: yes
configure:16155: checking if msgfmt accepts -c
configure:16170: $MSGFMT -c -o /dev/null conftest.foo
conftest.foo:3: warning: header field 'Language' missing in header
configure:16173: $? = 0
configure:16175: result: yes
configure:16185: checking for gmsgfmt
configure:16216: result: /usr/bin/msgfmt
configure:16226: checking for xgettext
configure:16253: result: /usr/bin/xgettext
configure:16272: gcc -o conftest -g -O2   conftest.c -ldl   >&5
configure:16272: $? = 0
configure:16413: checking whether NLS is requested
configure:16422: result: yes
configure:16440: checking for intltool >= 0.41.0
configure:16442: result: 0.50.2 found
configure:16450: checking for intltool-update
configure:16468: found /usr/bin/intltool-update
configure:16480: result: /usr/bin/intltool-update
configure:16490: checking for intltool-merge
configure:16508: found /usr/bin/intltool-merge
configure:16520: result: /usr/bin/intltool-merge
configure:16530: checking for intltool-extract
configure:16548: found /usr/bin/intltool-extract
configure:16560: result: /usr/bin/intltool-extract
configure:16714: checking for xgettext
configure:16744: result: /usr/bin/xgettext
configure:16754: checking for msgmerge
configure:16772: found /usr/bin/msgmerge
configure:16784: result: /usr/bin/msgmerge
configure:16794: checking for msgfmt
configure:16824: result: /usr/bin/msgfmt
configure:16834: checking for gmsgfmt
configure:16865: result: /usr/bin/msgfmt
configure:16885: checking for perl
configure:16903: found /usr/bin/perl
configure:16915: result: /usr/bin/perl
configure:16926: checking for perl >= 5.8.1
configure:16933: result: 5.16.3
configure:16937: checking for XML::Parser
configure:16940: result: ok
configure:17187: checking that generated files are newer than configure
configure:17193: result: done
configure:17268: creating ./config.status

## ---------------------- ##
## Running config.status. ##
## ---------------------- ##

This file was extended by tse-utils config.status 111, which was
generated by GNU Autoconf 2.69.  Invocation command line was

  CONFIG_FILES    = 
  CONFIG_HEADERS  = 
  CONFIG_LINKS    = 
  CONFIG_COMMANDS = 
  $ ./config.status 

on centos7

config.status:1269: creating Makefile
config.status:1269: creating doc/Makefile
config.status:1269: creating src/Makefile
config.status:1269: creating src/libtse/Makefile
config.status:1269: creating src/utils/Makefile
config.status:1269: creating src/key_mod/Makefile
config.status:1269: creating src/daemon/Makefile
config.status:1269: creating src/desktop/Makefile
config.status:1269: creating src/desktop/tse-mount-private.desktop
config.status:1269: creating src/desktop/tse-setup-private.desktop
config.status:1269: creating src/include/Makefile
config.status:1269: creating doc/manpage/Makefile
config.status:1269: creating src/pam_tse/Makefile
config.status:1269: creating src/libtse/libtse.pc
config.status:1269: creating src/libtse-swig/Makefile
config.status:1269: creating tests/Makefile
config.status:1269: creating tests/lib/Makefile
config.status:1269: creating tests/kernel/Makefile
config.status:1269: creating tests/userspace/Makefile
config.status:1269: creating po/Makefile.in
config.status:1269: creating config.h
config.status:1450: config.h is unchanged
config.status:1498: executing depfiles commands
config.status:1498: executing libtool commands
config.status:1498: executing default-1 commands
config.status:1498: executing po/stamp-it commands

## ---------------- ##
## Cache variables. ##
## ---------------- ##

ac_cv_build=x86_64-pc-linux-gnu
ac_cv_c_compiler_gnu=yes
ac_cv_env_CC_set=
ac_cv_env_CC_value=
ac_cv_env_CFLAGS_set=
ac_cv_env_CFLAGS_value=
ac_cv_env_CPPFLAGS_set=
ac_cv_env_CPPFLAGS_value=
ac_cv_env_CPP_set=
ac_cv_env_CPP_value=
ac_cv_env_GTK_CFLAGS_set=
ac_cv_env_GTK_CFLAGS_value=
ac_cv_env_GTK_LIBS_set=
ac_cv_env_GTK_LIBS_value=
ac_cv_env_KEYUTILS_CFLAGS_set=
ac_cv_env_KEYUTILS_CFLAGS_value=
ac_cv_env_KEYUTILS_LIBS_set=
ac_cv_env_KEYUTILS_LIBS_value=
ac_cv_env_LDFLAGS_set=
ac_cv_env_LDFLAGS_value=
ac_cv_env_LIBS_set=
ac_cv_env_LIBS_value=
ac_cv_env_LT_SYS_LIBRARY_PATH_set=
ac_cv_env_LT_SYS_LIBRARY_PATH_value=
ac_cv_env_NSS_CFLAGS_set=
ac_cv_env_NSS_CFLAGS_value=
ac_cv_env_NSS_LIBS_set=
ac_cv_env_NSS_LIBS_value=
ac_cv_env_OPENSSL_CFLAGS_set=
ac_cv_env_OPENSSL_CFLAGS_value=
ac_cv_env_OPENSSL_LIBS_set=
ac_cv_env_OPENSSL_LIBS_value=
ac_cv_env_PAM_CFLAGS_set=
ac_cv_env_PAM_CFLAGS_value=
ac_cv_env_PAM_LIBS_set=
ac_cv_env_PAM_LIBS_value=
ac_cv_env_PKCS11_HELPER_CFLAGS_set=
ac_cv_env_PKCS11_HELPER_CFLAGS_value=
ac_cv_env_PKCS11_HELPER_LIBS_set=
ac_cv_env_PKCS11_HELPER_LIBS_value=
ac_cv_env_PKG_CONFIG_LIBDIR_set=
ac_cv_env_PKG_CONFIG_LIBDIR_value=
ac_cv_env_PKG_CONFIG_PATH_set=
ac_cv_env_PKG_CONFIG_PATH_value=
ac_cv_env_PKG_CONFIG_set=
ac_cv_env_PKG_CONFIG_value=
ac_cv_env_PYTHON_VERSION_set=
ac_cv_env_PYTHON_VERSION_value=
ac_cv_env_PYTHON_set=
ac_cv_env_PYTHON_value=
ac_cv_env_TSPI_CFLAGS_set=
ac_cv_env_TSPI_CFLAGS_value=
ac_cv_env_TSPI_LIBS_set=
ac_cv_env_TSPI_LIBS_value=
ac_cv_env_build_alias_set=
ac_cv_env_build_alias_value=
ac_cv_env_host_alias_set=
ac_cv_env_host_alias_value=
ac_cv_env_target_alias_set=
ac_cv_env_target_alias_value=
ac_cv_func_bind_textdomain_codeset=yes
ac_cv_func_dcgettext=yes
ac_cv_header_dlfcn_h=yes
ac_cv_header_inttypes_h=yes
ac_cv_header_libintl_h=yes
ac_cv_header_locale_h=yes
ac_cv_header_memory_h=yes
ac_cv_header_minix_config_h=no
ac_cv_header_openssl_rsa_h=yes
ac_cv_header_stdc=yes
ac_cv_header_stdint_h=yes
ac_cv_header_stdlib_h=yes
ac_cv_header_string_h=yes
ac_cv_header_strings_h=yes
ac_cv_header_sys_stat_h=yes
ac_cv_header_sys_types_h=yes
ac_cv_header_unistd_h=yes
ac_cv_host=x86_64-pc-linux-gnu
ac_cv_lib_dl_dlopen=yes
ac_cv_lib_keyutils_keyctl_search=yes
ac_cv_lib_pam_misc_pam_misc_setenv=yes
ac_cv_lib_pam_pam_authenticate=yes
ac_cv_objext=o
ac_cv_path_EGREP='/usr/bin/grep -E'
ac_cv_path_FGREP='/usr/bin/grep -F'
ac_cv_path_GMSGFMT=/usr/bin/msgfmt
ac_cv_path_GREP=/usr/bin/grep
ac_cv_path_INTLTOOL_EXTRACT=/usr/bin/intltool-extract
ac_cv_path_INTLTOOL_MERGE=/usr/bin/intltool-merge
ac_cv_path_INTLTOOL_PERL=/usr/bin/perl
ac_cv_path_INTLTOOL_UPDATE=/usr/bin/intltool-update
ac_cv_path_MSGFMT=/usr/bin/msgfmt
ac_cv_path_MSGMERGE=/usr/bin/msgmerge
ac_cv_path_POD2MAN=/usr/bin/pod2man
ac_cv_path_PS2PDF=/usr/bin/ps2pdf
ac_cv_path_PYTHON=/usr/bin/python
ac_cv_path_SED=/usr/bin/sed
ac_cv_path_SWIG=/usr/local/bin/swig
ac_cv_path_TAR=/usr/bin/tar
ac_cv_path_XGETTEXT=/usr/bin/xgettext
ac_cv_path_ac_pt_PKG_CONFIG=/usr/bin/pkg-config
ac_cv_path_install='/usr/bin/install -c'
ac_cv_path_lt_DD=/usr/bin/dd
ac_cv_path_mkdir=/usr/bin/mkdir
ac_cv_prog_AWK=gawk
ac_cv_prog_CPP='gcc -E'
ac_cv_prog_ac_ct_AR=ar
ac_cv_prog_ac_ct_CC=gcc
ac_cv_prog_ac_ct_OBJDUMP=objdump
ac_cv_prog_ac_ct_RANLIB=ranlib
ac_cv_prog_ac_ct_STRIP=strip
ac_cv_prog_cc_c89=
ac_cv_prog_cc_g=yes
ac_cv_prog_make_make_set=yes
ac_cv_safe_to_define___extensions__=yes
ac_cv_search_strerror='none required'
ac_cv_sys_file_offset_bits=no
ac_cv_sys_largefile_CC=no
ac_cv_target=x86_64-pc-linux-gnu
am_cv_CC_dependencies_compiler_type=gcc3
am_cv_make_support_nested_variables=yes
am_cv_pathless_PYTHON=python
am_cv_prog_cc_c_o=yes
am_cv_python_platform=linux2
am_cv_python_pyexecdir='${exec_prefix}/lib64/python2.7/site-packages'
am_cv_python_pythondir='${prefix}/lib/python2.7/site-packages'
am_cv_python_version=2.7
am_cv_val_LC_MESSAGES=yes
gt_cv_func_dgettext_libc=yes
gt_cv_func_dgettext_libintl=no
gt_cv_func_ngettext_libc=yes
gt_cv_have_gettext=yes
lt_cv_ar_at_file=@
lt_cv_archive_cmds_need_lc=no
lt_cv_deplibs_check_method=pass_all
lt_cv_file_magic_cmd='$MAGIC_CMD'
lt_cv_file_magic_test_file=
lt_cv_ld_reload_flag=-r
lt_cv_nm_interface='BSD nm'
lt_cv_objdir=.libs
lt_cv_path_LD=/usr/bin/ld
lt_cv_path_NM='/usr/bin/nm -B'
lt_cv_path_mainfest_tool=no
lt_cv_prog_compiler_c_o=yes
lt_cv_prog_compiler_pic='-fPIC -DPIC'
lt_cv_prog_compiler_pic_works=yes
lt_cv_prog_compiler_rtti_exceptions=no
lt_cv_prog_compiler_static_works=no
lt_cv_prog_gnu_ld=yes
lt_cv_sharedlib_from_linklib_cmd='printf %s\n'
lt_cv_shlibpath_overrides_runpath=no
lt_cv_sys_global_symbol_pipe='sed -n -e '\''s/^.*[	 ]\([ABCDGIRSTW][ABCDGIRSTW]*\)[	 ][	 ]*\([_A-Za-z][_A-Za-z0-9]*\)$/\1 \2 \2/p'\'' | sed '\''/ __gnu_lto/d'\'''
lt_cv_sys_global_symbol_to_c_name_address='sed -n -e '\''s/^: \(.*\) .*$/  {"\1", (void *) 0},/p'\'' -e '\''s/^[ABCDGIRSTW][ABCDGIRSTW]* .* \(.*\)$/  {"\1", (void *) \&\1},/p'\'''
lt_cv_sys_global_symbol_to_c_name_address_lib_prefix='sed -n -e '\''s/^: \(.*\) .*$/  {"\1", (void *) 0},/p'\'' -e '\''s/^[ABCDGIRSTW][ABCDGIRSTW]* .* \(lib.*\)$/  {"\1", (void *) \&\1},/p'\'' -e '\''s/^[ABCDGIRSTW][ABCDGIRSTW]* .* \(.*\)$/  {"lib\1", (void *) \&\1},/p'\'''
lt_cv_sys_global_symbol_to_cdecl='sed -n -e '\''s/^T .* \(.*\)$/extern int \1();/p'\'' -e '\''s/^[ABCDGIRSTW][ABCDGIRSTW]* .* \(.*\)$/extern char \1;/p'\'''
lt_cv_sys_global_symbol_to_import=
lt_cv_sys_max_cmd_len=1572864
lt_cv_to_host_file_cmd=func_convert_file_noop
lt_cv_to_tool_file_cmd=func_convert_file_noop
lt_cv_truncate_bin='/usr/bin/dd bs=4096 count=1'
pkg_cv_NSS_CFLAGS='-I/usr/include/nss3 -I/usr/include/nspr4  '
pkg_cv_NSS_LIBS='-lssl3 -lsmime3 -lnss3 -lnssutil3 -lplds4 -lplc4 -lnspr4 -lpthread -ldl  '
pkg_cv_OPENSSL_CFLAGS=' '
pkg_cv_OPENSSL_LIBS='-lcrypto  '

## ----------------- ##
## Output variables. ##
## ----------------- ##

ACLOCAL='${SHELL} /root/tse-utils-111/missing aclocal-1.15'
ALL_LINGUAS=''
AMDEPBACKSLASH='\'
AMDEP_FALSE='#'
AMDEP_TRUE=''
AMTAR='$${TAR-tar}'
AM_BACKSLASH='\'
AM_CPPFLAGS='-include $(top_builddir)/config.h'
AM_DEFAULT_V='$(AM_DEFAULT_VERBOSITY)'
AM_DEFAULT_VERBOSITY='1'
AM_V='$(V)'
AR='ar'
AUTOCONF='${SHELL} /root/tse-utils-111/missing autoconf'
AUTOHEADER='${SHELL} /root/tse-utils-111/missing autoheader'
AUTOMAKE='${SHELL} /root/tse-utils-111/missing automake-1.15'
AWK='gawk'
BUILD_DOCS_FALSE=''
BUILD_DOCS_GEN_FALSE=''
BUILD_DOCS_GEN_TRUE='#'
BUILD_DOCS_TRUE='#'
BUILD_GPG_FALSE=''
BUILD_GPG_TRUE='#'
BUILD_GUI_FALSE=''
BUILD_GUI_TRUE='#'
BUILD_NSS_FALSE='#'
BUILD_NSS_TRUE=''
BUILD_OPENSSL_FALSE='#'
BUILD_OPENSSL_TRUE=''
BUILD_PAM_FALSE='#'
BUILD_PAM_TRUE=''
BUILD_PKCS11_HELPER_FALSE=''
BUILD_PKCS11_HELPER_TRUE='#'
BUILD_PYWRAP_FALSE='#'
BUILD_PYWRAP_TRUE=''
BUILD_TSPI_FALSE=''
BUILD_TSPI_TRUE='#'
CATALOGS=''
CATOBJEXT='.gmo'
CC='gcc'
CCDEPMODE='depmode=gcc3'
CFLAGS='-g -O2'
CPP='gcc -E'
CPPFLAGS=''
CRYPTO_CFLAGS='-I/usr/include/nss3 -I/usr/include/nspr4   -DENABLE_NSS'
CRYPTO_LIBS='-lssl3 -lsmime3 -lnss3 -lnssutil3 -lplds4 -lplc4 -lnspr4 -lpthread -ldl  '
CYGPATH_W='echo'
DATADIRNAME='share'
DEFS='-DHAVE_CONFIG_H'
DEPDIR='.deps'
DLLTOOL='false'
DSYMUTIL=''
DUMPBIN=''
DVIPS=''
ECHO_C=''
ECHO_N='-n'
ECHO_T=''
EGREP='/usr/bin/grep -E'
ENABLE_TESTS_FALSE=''
ENABLE_TESTS_TRUE='#'
EXEEXT=''
FGREP='/usr/bin/grep -F'
GETTEXT_PACKAGE='tse-utils'
GMOFILES=''
GMSGFMT='/usr/bin/msgfmt'
GPGME_CFLAGS=''
GPGME_LIBS=''
GREP='/usr/bin/grep'
GTK_CFLAGS=''
GTK_LIBS=''
INSTALL_DATA='${INSTALL} -m 644'
INSTALL_PROGRAM='${INSTALL}'
INSTALL_SCRIPT='${INSTALL}'
INSTALL_STRIP_PROGRAM='$(install_sh) -c -s'
INSTOBJEXT='.mo'
INTLLIBS=''
INTLTOOL_CAVES_RULE='%.caves:     %.caves.in     $(INTLTOOL_MERGE) $(wildcard $(top_srcdir)/po/*.po) ; $(INTLTOOL_V_MERGE)LC_ALL=C $(INTLTOOL_MERGE) $(INTLTOOL_V_MERGE_OPTIONS) -d -u -c $(top_builddir)/po/.intltool-merge-cache $(top_srcdir)/po $< $@'
INTLTOOL_DESKTOP_RULE='%.desktop:   %.desktop.in   $(INTLTOOL_MERGE) $(wildcard $(top_srcdir)/po/*.po) ; $(INTLTOOL_V_MERGE)LC_ALL=C $(INTLTOOL_MERGE) $(INTLTOOL_V_MERGE_OPTIONS) -d -u -c $(top_builddir)/po/.intltool-merge-cache $(top_srcdir)/po $< $@'
INTLTOOL_DIRECTORY_RULE='%.directory: %.directory.in $(INTLTOOL_MERGE) $(wildcard $(top_srcdir)/po/*.po) ; $(INTLTOOL_V_MERGE)LC_ALL=C $(INTLTOOL_MERGE) $(INTLTOOL_V_MERGE_OPTIONS) -d -u -c $(top_builddir)/po/.intltool-merge-cache $(top_srcdir)/po $< $@'
INTLTOOL_EXTRACT='/usr/bin/intltool-extract'
INTLTOOL_KBD_RULE='%.kbd:       %.kbd.in       $(INTLTOOL_MERGE) $(wildcard $(top_srcdir)/po/*.po) ; $(INTLTOOL_V_MERGE)LC_ALL=C $(INTLTOOL_MERGE) $(INTLTOOL_V_MERGE_OPTIONS) -x -u -m -c $(top_builddir)/po/.intltool-merge-cache $(top_srcdir)/po $< $@'
INTLTOOL_KEYS_RULE='%.keys:      %.keys.in      $(INTLTOOL_MERGE) $(wildcard $(top_srcdir)/po/*.po) ; $(INTLTOOL_V_MERGE)LC_ALL=C $(INTLTOOL_MERGE) $(INTLTOOL_V_MERGE_OPTIONS) -k -u -c $(top_builddir)/po/.intltool-merge-cache $(top_srcdir)/po $< $@'
INTLTOOL_MERGE='/usr/bin/intltool-merge'
INTLTOOL_OAF_RULE='%.oaf:       %.oaf.in       $(INTLTOOL_MERGE) $(wildcard $(top_srcdir)/po/*.po) ; $(INTLTOOL_V_MERGE)LC_ALL=C $(INTLTOOL_MERGE) $(INTLTOOL_V_MERGE_OPTIONS) -o -p $(top_srcdir)/po $< $@'
INTLTOOL_PERL='/usr/bin/perl'
INTLTOOL_POLICY_RULE='%.policy:    %.policy.in    $(INTLTOOL_MERGE) $(wildcard $(top_srcdir)/po/*.po) ; $(INTLTOOL_V_MERGE)LC_ALL=C $(INTLTOOL_MERGE) $(INTLTOOL_V_MERGE_OPTIONS) -x -u -c $(top_builddir)/po/.intltool-merge-cache $(top_srcdir)/po $< $@'
INTLTOOL_PONG_RULE='%.pong:      %.pong.in      $(INTLTOOL_MERGE) $(wildcard $(top_srcdir)/po/*.po) ; $(INTLTOOL_V_MERGE)LC_ALL=C $(INTLTOOL_MERGE) $(INTLTOOL_V_MERGE_OPTIONS) -x -u -c $(top_builddir)/po/.intltool-merge-cache $(top_srcdir)/po $< $@'
INTLTOOL_PROP_RULE='%.prop:      %.prop.in      $(INTLTOOL_MERGE) $(wildcard $(top_srcdir)/po/*.po) ; $(INTLTOOL_V_MERGE)LC_ALL=C $(INTLTOOL_MERGE) $(INTLTOOL_V_MERGE_OPTIONS) -d -u -c $(top_builddir)/po/.intltool-merge-cache $(top_srcdir)/po $< $@'
INTLTOOL_SCHEMAS_RULE='%.schemas:   %.schemas.in   $(INTLTOOL_MERGE) $(wildcard $(top_srcdir)/po/*.po) ; $(INTLTOOL_V_MERGE)LC_ALL=C $(INTLTOOL_MERGE) $(INTLTOOL_V_MERGE_OPTIONS) -s -u -c $(top_builddir)/po/.intltool-merge-cache $(top_srcdir)/po $< $@'
INTLTOOL_SERVER_RULE='%.server:    %.server.in    $(INTLTOOL_MERGE) $(wildcard $(top_srcdir)/po/*.po) ; $(INTLTOOL_V_MERGE)LC_ALL=C $(INTLTOOL_MERGE) $(INTLTOOL_V_MERGE_OPTIONS) -o -u -c $(top_builddir)/po/.intltool-merge-cache $(top_srcdir)/po $< $@'
INTLTOOL_SERVICE_RULE='%.service: %.service.in   $(INTLTOOL_MERGE) $(wildcard $(top_srcdir)/po/*.po) ; $(INTLTOOL_V_MERGE)LC_ALL=C $(INTLTOOL_MERGE) $(INTLTOOL_V_MERGE_OPTIONS) -d -u -c $(top_builddir)/po/.intltool-merge-cache $(top_srcdir)/po $< $@'
INTLTOOL_SHEET_RULE='%.sheet:     %.sheet.in     $(INTLTOOL_MERGE) $(wildcard $(top_srcdir)/po/*.po) ; $(INTLTOOL_V_MERGE)LC_ALL=C $(INTLTOOL_MERGE) $(INTLTOOL_V_MERGE_OPTIONS) -x -u -c $(top_builddir)/po/.intltool-merge-cache $(top_srcdir)/po $< $@'
INTLTOOL_SOUNDLIST_RULE='%.soundlist: %.soundlist.in $(INTLTOOL_MERGE) $(wildcard $(top_srcdir)/po/*.po) ; $(INTLTOOL_V_MERGE)LC_ALL=C $(INTLTOOL_MERGE) $(INTLTOOL_V_MERGE_OPTIONS) -d -u -c $(top_builddir)/po/.intltool-merge-cache $(top_srcdir)/po $< $@'
INTLTOOL_THEME_RULE='%.theme:     %.theme.in     $(INTLTOOL_MERGE) $(wildcard $(top_srcdir)/po/*.po) ; $(INTLTOOL_V_MERGE)LC_ALL=C $(INTLTOOL_MERGE) $(INTLTOOL_V_MERGE_OPTIONS) -d -u -c $(top_builddir)/po/.intltool-merge-cache $(top_srcdir)/po $< $@'
INTLTOOL_UI_RULE='%.ui:        %.ui.in        $(INTLTOOL_MERGE) $(wildcard $(top_srcdir)/po/*.po) ; $(INTLTOOL_V_MERGE)LC_ALL=C $(INTLTOOL_MERGE) $(INTLTOOL_V_MERGE_OPTIONS) -x -u -c $(top_builddir)/po/.intltool-merge-cache $(top_srcdir)/po $< $@'
INTLTOOL_UPDATE='/usr/bin/intltool-update'
INTLTOOL_V_MERGE='$(INTLTOOL__v_MERGE_$(V))'
INTLTOOL_V_MERGE_OPTIONS='$(intltool__v_merge_options_$(V))'
INTLTOOL_XAM_RULE='%.xam:       %.xml.in       $(INTLTOOL_MERGE) $(wildcard $(top_srcdir)/po/*.po) ; $(INTLTOOL_V_MERGE)LC_ALL=C $(INTLTOOL_MERGE) $(INTLTOOL_V_MERGE_OPTIONS) -x -u -c $(top_builddir)/po/.intltool-merge-cache $(top_srcdir)/po $< $@'
INTLTOOL_XML_NOMERGE_RULE='%.xml:       %.xml.in       $(INTLTOOL_MERGE) ; $(INTLTOOL_V_MERGE)LC_ALL=C $(INTLTOOL_MERGE) $(INTLTOOL_V_MERGE_OPTIONS) -x -u --no-translations $< $@'
INTLTOOL_XML_RULE='%.xml:       %.xml.in       $(INTLTOOL_MERGE) $(wildcard $(top_srcdir)/po/*.po) ; $(INTLTOOL_V_MERGE)LC_ALL=C $(INTLTOOL_MERGE) $(INTLTOOL_V_MERGE_OPTIONS) -x -u -c $(top_builddir)/po/.intltool-merge-cache $(top_srcdir)/po $< $@'
INTLTOOL__v_MERGE_0='@echo "  ITMRG " $@;'
INTLTOOL__v_MERGE_='$(INTLTOOL__v_MERGE_$(AM_DEFAULT_VERBOSITY))'
KEYUTILS_CFLAGS=''
KEYUTILS_LIBS='-lkeyutils'
LATEX2HTML=''
LATEX=''
LD='/usr/bin/ld -m elf_x86_64'
LDFLAGS=''
LIBOBJS=''
LIBS='-ldl '
LIBTOOL='$(SHELL) $(top_builddir)/libtool'
LIBTSE_LT_AGE='0'
LIBTSE_LT_CURRENT='1'
LIBTSE_LT_REVISION='0'
LIPO=''
LN_S='ln -s'
LOCALEDIR='${prefix}/${datadir}/locale'
LTLIBOBJS=''
LT_SYS_LIBRARY_PATH=''
MAKEINFO='${SHELL} /root/tse-utils-111/missing makeinfo'
MANIFEST_TOOL=':'
MKDIR_P='/usr/bin/mkdir -p'
MKINSTALLDIRS='./mkinstalldirs'
MSGFMT='/usr/bin/msgfmt'
MSGFMT_OPTS='-c'
MSGMERGE='/usr/bin/msgmerge'
NM='/usr/bin/nm -B'
NMEDIT=''
NSS_CFLAGS='-I/usr/include/nss3 -I/usr/include/nspr4   -DENABLE_NSS'
NSS_LIBS='-lssl3 -lsmime3 -lnss3 -lnssutil3 -lplds4 -lplc4 -lnspr4 -lpthread -ldl  '
OBJDUMP='objdump'
OBJEXT='o'
OPENSSL_CFLAGS=' '
OPENSSL_LIBS='-lcrypto  '
OTOOL64=''
OTOOL=''
PACKAGE='tse-utils'
PACKAGE_BUGREPORT=''
PACKAGE_NAME='tse-utils'
PACKAGE_STRING='tse-utils 111'
PACKAGE_TARNAME='tse-utils'
PACKAGE_URL=''
PACKAGE_VERSION='111'
PAM_CFLAGS=''
PAM_LIBS='-lpam  -lpam_misc'
PATH_SEPARATOR=':'
PKCS11_HELPER_CFLAGS=''
PKCS11_HELPER_LIBS=''
PKG_CONFIG='/usr/bin/pkg-config'
PKG_CONFIG_LIBDIR=''
PKG_CONFIG_PATH=''
POD2MAN='/usr/bin/pod2man'
POFILES=''
POSUB='po'
PO_IN_DATADIR_FALSE=''
PO_IN_DATADIR_TRUE=''
PS2PDF='/usr/bin/ps2pdf'
PYTHON='/usr/bin/python'
PYTHON_CPPFLAGS='-I/usr/include/python2.7 -I/usr/include/python2.7'
PYTHON_EXEC_PREFIX='${exec_prefix}'
PYTHON_EXTRA_LDFLAGS='-Xlinker -export-dynamic'
PYTHON_EXTRA_LIBS=' -lpthread -ldl  -lutil'
PYTHON_LDFLAGS='-L/usr/lib64/python2.7 -lpython2.7'
PYTHON_PLATFORM='linux2'
PYTHON_PREFIX='${prefix}'
PYTHON_SITE_PKG='/usr/lib/python2.7/site-packages'
PYTHON_VERSION='2.7'
RANLIB='ranlib'
SED='/usr/bin/sed'
SET_MAKE=''
SHELL='/bin/sh'
STRIP='strip'
SWIG='/usr/local/bin/swig'
SWIG_LIB='/usr/local/share/swig/1.3.31'
SWIG_PYTHON_CPPFLAGS='-I/usr/include/python2.7 -I/usr/include/python2.7'
SWIG_PYTHON_OPT='-python'
TAR='/usr/bin/tar'
TSPI_CFLAGS=''
TSPI_LIBS=''
USE_NLS='yes'
VERSION='111'
XGETTEXT='/usr/bin/xgettext'
ac_ct_AR='ar'
ac_ct_CC='gcc'
ac_ct_DUMPBIN=''
am__EXEEXT_FALSE=''
am__EXEEXT_TRUE='#'
am__fastdepCC_FALSE='#'
am__fastdepCC_TRUE=''
am__include='include'
am__isrc=''
am__leading_dot='.'
am__nodep='_no'
am__quote=''
am__tar='$${TAR-tar} chof - "$$tardir"'
am__untar='$${TAR-tar} xf -'
bindir='${exec_prefix}/bin'
build='x86_64-pc-linux-gnu'
build_alias=''
build_cpu='x86_64'
build_os='linux-gnu'
build_vendor='pc'
datadir='${datarootdir}'
datarootdir='${prefix}/share'
docdir='${datarootdir}/doc/${PACKAGE_TARNAME}'
dvidir='${docdir}'
exec_prefix='${prefix}'
host='x86_64-pc-linux-gnu'
host_alias=''
host_cpu='x86_64'
host_os='linux-gnu'
host_vendor='pc'
htmldir='${docdir}'
includedir='${prefix}/include'
infodir='${datarootdir}/info'
install_sh='${SHELL} /root/tse-utils-111/install-sh'
intltool__v_merge_options_0='-q'
intltool__v_merge_options_='$(intltool__v_merge_options_$(AM_DEFAULT_VERBOSITY))'
libdir='${exec_prefix}/lib'
libexecdir='${exec_prefix}/libexec'
localedir='${datarootdir}/locale'
localstatedir='${prefix}/var'
mandir='${datarootdir}/man'
mkdir_p='$(MKDIR_P)'
oldincludedir='/usr/include'
pamdir='/lib/security'
pamlibdir=''
pdfdir='${docdir}'
pkgconfigdir='$(libdir)/pkgconfig'
pkgpyexecdir='${pyexecdir}/tse-utils'
pkgpythondir='${pythondir}/tse-utils'
prefix='/usr'
program_transform_name='s,x,x,'
psdir='${docdir}'
pyexecdir='${exec_prefix}/lib64/python2.7/site-packages'
pythondir='${prefix}/lib/python2.7/site-packages'
rootsbindir='/sbin'
runstatedir='${localstatedir}/run'
sbindir='${exec_prefix}/sbin'
sharedstatedir='${prefix}/com'
sysconfdir='${prefix}/etc'
target='x86_64-pc-linux-gnu'
target_alias=''
target_cpu='x86_64'
target_os='linux-gnu'
target_vendor='pc'
tsekeymoddir='$(libdir)/tse'

## ----------- ##
## confdefs.h. ##
## ----------- ##

/* confdefs.h */
#define PACKAGE_NAME "tse-utils"
#define PACKAGE_TARNAME "tse-utils"
#define PACKAGE_VERSION "111"
#define PACKAGE_STRING "tse-utils 111"
#define PACKAGE_BUGREPORT ""
#define PACKAGE_URL ""
#define PACKAGE "tse-utils"
#define VERSION "111"
#define TSE_DEFAULT_KEY_MOD_DIR "/usr/lib/tse"
#define STDC_HEADERS 1
#define HAVE_SYS_TYPES_H 1
#define HAVE_SYS_STAT_H 1
#define HAVE_STDLIB_H 1
#define HAVE_STRING_H 1
#define HAVE_MEMORY_H 1
#define HAVE_STRINGS_H 1
#define HAVE_INTTYPES_H 1
#define HAVE_STDINT_H 1
#define HAVE_UNISTD_H 1
#define __EXTENSIONS__ 1
#define _ALL_SOURCE 1
#define _GNU_SOURCE 1
#define _POSIX_PTHREAD_SEMANTICS 1
#define _TANDEM_SOURCE 1
#define HAVE_DLFCN_H 1
#define LT_OBJDIR ".libs/"
#define STDC_HEADERS 1
#define HAVE_LIBDL 1
#define GETTEXT_PACKAGE "tse-utils"
#define HAVE_LOCALE_H 1
#define HAVE_LC_MESSAGES 1
#define HAVE_BIND_TEXTDOMAIN_CODESET 1
#define HAVE_GETTEXT 1
#define HAVE_DCGETTEXT 1
#define ENABLE_NLS 1

configure: exit 0

## ---------------------- ##
## Running config.status. ##
## ---------------------- ##

This file was extended by tse-utils config.status 111, which was
generated by GNU Autoconf 2.69.  Invocation command line was

  CONFIG_FILES    = 
  CONFIG_HEADERS  = 
  CONFIG_LINKS    = 
  CONFIG_COMMANDS = 
  $ ./config.status config.h

on centos7

config.status:1269: creating config.h
